"../../../Engine/Content/Functions/Engine_MaterialFunctions01/Shading/PowerToRoughness.uasset" 0
"../../../Engine/Content/Functions/Engine_MaterialFunctions01/Shading/ConvertFromDiffSpec.uasset" 1
"../../../Engine/Content/EngineMaterials/DefaultDiffuse.uasset" 2
"../../../Engine/Content/EngineMaterials/DefaultDeferredDecalMaterial.uasset" 3
"../../../Engine/Content/EngineMaterials/DefaultLightFunctionMaterial.uasset" 4
"../../../Engine/Content/Functions/Engine_MaterialFunctions02/Utility/BreakOutFloat2Components.uasset" 5
"../../../Engine/Content/EngineMaterials/DefaultPostProcessMaterial.uasset" 6
"../../../Engine/Content/EditorMaterials/Camera/CineMat.uasset" 7
"../../../Engine/Content/EditorMaterials/Camera/MI_CineMat_Rig.uasset" 8
"../../../Engine/Content/EditorMeshes/Camera/SM_CraneRig_Base.uasset" 9
"../../../Engine/Content/EditorMeshes/Camera/SM_CraneRig_Arm.uasset" 10
"../../../Engine/Content/EditorMeshes/Camera/SM_CraneRig_Mount.uasset" 11
"../../../Engine/Content/EditorMeshes/Camera/SM_CraneRig_Body.uasset" 12
"../../../Engine/Content/EditorMeshes/Camera/SM_RailRig_Track.uasset" 13
"../../../Engine/Content/EditorMeshes/Camera/SM_RailRig_Mount.uasset" 14
"../../../Engine/Content/EngineResources/AICON-Red.uasset" 15
"../../../Engine/Content/EngineResources/AICON-Green.uasset" 16
"../../../Engine/Content/EngineFonts/Roboto.uasset" 17
"../../../Engine/Content/EngineResources/DefaultTexture.uasset" 18
"../../../Engine/Content/Functions/Engine_MaterialFunctions01/Texturing/ScaleUVsByCenter.uasset" 19
"../../../Engine/Content/Functions/Engine_MaterialFunctions02/ScreenResolution.uasset" 20
"../../../Engine/Content/Functions/Engine_MaterialFunctions02/Texturing/ScreenAlignedUVs.uasset" 21
"../../../Engine/Content/EngineResources/WhiteSquareTexture.uasset" 22
"../../../Engine/Content/EngineMaterials/Widget3DPassThrough.uasset" 23
"../../../Engine/Content/EngineMaterials/Widget3DPassThrough_Translucent.uasset" 24
"../../../Engine/Content/EngineMaterials/Widget3DPassThrough_Translucent_OneSided.uasset" 25
"../../../Engine/Content/EngineMaterials/Widget3DPassThrough_Opaque.uasset" 26
"../../../Engine/Content/EngineMaterials/Widget3DPassThrough_Opaque_OneSided.uasset" 27
"../../../Engine/Content/EngineMaterials/Widget3DPassThrough_Masked.uasset" 28
"../../../Engine/Content/EngineMaterials/Widget3DPassThrough_Masked_OneSided.uasset" 29
"../../../Engine/Content/EditorResources/S_Actor.uasset" 30
"../../../Engine/Content/EditorMaterials/AssetViewer/EpicQuadPanorama_CC+EV1.uasset" 31
"../../../Engine/Content/EditorResources/RGBTable16x1_AssetViewer.uasset" 32
"../../../Engine/Content/Maps/Templates/Thumbnails/Default.uasset" 33
"../../../Engine/Content/Maps/Templates/Thumbnails/VR-Basic.uasset" 34
"../../../Engine/Content/EditorMaterials/ParticleSystems/PSysThumbnail_NoImage.uasset" 35
"../../../Engine/Content/EditorMaterials/ParticleSystems/PSysThumbnail_OOD.uasset" 36
"../../../Engine/Content/EditorLandscapeResources/DataLayer.uasset" 37
"../../../Engine/Content/EngineDamageTypes/DmgTypeBP_Environmental.uasset" 38
"../../../Engine/Content/EngineMeshes/Sphere.uasset" 39
"../../../Engine/Content/EngineFonts/RobotoDistanceField.uasset" 40
"../../../Engine/Content/EngineMaterials/DefaultTextMaterialOpaque.uasset" 41
"../../../Engine/Content/EditorResources/S_Trigger.uasset" 42
"../../../Engine/Content/EngineResources/GradientTexture0.uasset" 43
"../../../Engine/Content/EngineResources/Black.uasset" 44
"../../../Engine/Content/EditorMaterials/MatineeGroups/MAT_Groups_Float.uasset" 45
"../../../Engine/Content/EditorMaterials/MatineeGroups/MAT_Groups_Director.uasset" 46
"../../../Engine/Content/EditorMaterials/MatineeGroups/MAT_Groups_Event.uasset" 47
"../../../Engine/Content/EditorMaterials/MatineeGroups/MAT_Groups_Anim.uasset" 48
"../../../Engine/Content/EditorMaterials/MatineeGroups/MAT_Groups_Fade.uasset" 49
"../../../Engine/Content/EditorMaterials/MatineeGroups/MAT_Groups_Move.uasset" 50
"../../../Engine/Content/EditorMaterials/MatineeGroups/MAT_Groups_Slomo.uasset" 51
"../../../Engine/Content/EditorMaterials/MatineeGroups/MAT_ColorTrack.uasset" 52
"../../../Engine/Content/EditorMaterials/MAT_Groups_Toggle.uasset" 53
"../../../Engine/Content/EditorMaterials/MatineeGroups/MAT_Groups_AudioMaster.uasset" 54
"../../../Engine/Content/EditorMaterials/MatineeGroups/MAT_Groups_Sound.uasset" 55
"../../../Engine/Content/EditorMaterials/MatineeGroups/MAT_Groups_Vector.uasset" 56
"../../../Engine/Content/EditorMaterials/MAT_Groups_Visibility.uasset" 57
"../../../Engine/Content/EngineResources/DefaultTextureCube.uasset" 58
"../../../Engine/Content/Functions/Engine_MaterialFunctions01/Opacity/CameraDepthFade.uasset" 59
"../../../Engine/Content/EngineMaterials/T_Default_Material_Grid_M.uasset" 60
"../../../Engine/Content/EngineMaterials/T_Default_Material_Grid_N.uasset" 61
"../../../Engine/Content/EngineMaterials/DefaultMaterial.uasset" 62
"../../../Engine/Content/EngineMeshes/Cylinder.uasset" 63
"../../../Engine/Content/EngineTireTypes/DefaultTireType.uasset" 64
"../../../Engine/Content/VREditor/LaserPointer/VR_LaserPower_01.uasset" 65
"../../../Engine/Content/VREditor/TransformGizmo/TransformGizmoMaterial.uasset" 66
"../../../Engine/Content/VREditor/TransformGizmo/TranslucentTransformGizmoMaterial.uasset" 67
"../../../Engine/Content/VREditor/TransformGizmo/UniformScaleHandle.uasset" 68
"../../../Engine/Content/VREditor/TransformGizmo/TranslateHandleLong.uasset" 69
"../../../Engine/Content/VREditor/TransformGizmo/PlaneTranslationHandle.uasset" 70
"../../../Engine/Content/VREditor/TransformGizmo/RotationHandleFull.uasset" 71
"../../../Engine/Content/VREditor/TransformGizmo/StretchingHandle.uasset" 72
"../../../Engine/Content/VREditor/TransformGizmo/BoundingBoxCorner.uasset" 73
"../../../Engine/Content/VREditor/TransformGizmo/BoundingBoxEdge.uasset" 74
"../../../Engine/Content/VREditor/UI/SelectionBarMesh.uasset" 75
"../../../Engine/Content/VREditor/UI/CloseButtonMesh.uasset" 76
"../../../Engine/Content/VREditor/FloatingText/LineMaterial.uasset" 77
"../../../Engine/Content/VREditor/FloatingText/LineSegmentCylinder.uasset" 78
"../../../Engine/Content/VREditor/FloatingText/JointSphere.uasset" 79
"../../../Engine/Content/VREditor/Fonts/VRText_RobotoLarge.uasset" 80
"../../../Engine/Content/VREditor/Fonts/VRTextMaterial.uasset" 81
"../../../Engine/Content/VREditor/Fonts/TranslucentVRTextMaterial.uasset" 82
"../../../Engine/Content/VREditor/TransformGizmo/TranslationHandle.uasset" 83
"../../../Engine/Content/VREditor/TransformGizmo/RotationHandle.uasset" 84
"../../../Engine/Content/VREditor/Devices/Generic/GenericHMDMaterial.uasset" 85
"../../../Engine/Content/VREditor/Devices/Generic/GenericHMD.uasset" 86
"../../../Engine/Content/Functions/Engine_MaterialFunctions01/Gradient/RadialGradient.uasset" 87
"../../../Engine/Content/EditorLandscapeResources/FlattenHeightMat.uasset" 88
"../../../Engine/Content/VREditor/WorldMovementGrid/PlaneMesh.uasset" 89
"../../../Engine/Content/VREditor/WorldMovementGrid/SimpleGrid.uasset" 90
"../../../Engine/Content/VREditor/WorldMovementGrid/GridMaterial.uasset" 91
"../../../Engine/Content/VREditor/LaserPointer/LaserPointerMaterial.uasset" 92
"../../../Engine/Content/VREditor/LaserPointer/LaserPointerMaterialInst.uasset" 93
"../../../Engine/Content/VREditor/LaserPointer/TranslucentLaserPointerMaterialInst.uasset" 94
"../../../Engine/Content/VREditor/LaserPointer/LaserPointerMesh.uasset" 95
"../../../Engine/Content/Functions/Engine_MaterialFunctions01/Density/ExponentialDensity.uasset" 96
"../../../Engine/Content/VREditor/WorldMovementGrid/GridPostProcess.uasset" 97
"../../../Engine/Content/VREditor/Sounds/VR_teleport_Cue.uasset" 98
"../../../Engine/Content/VREditor/Sounds/VR_grab_Cue.uasset" 99
"../../../Engine/Content/Tutorial/ContentIntroCurve.uasset" 100
"../../../Engine/Plugins/2D/Paper2D/Content/PlaceholderTextures/DummySpriteTexture.uasset" 101
"../../../Engine/Plugins/2D/Paper2D/Content/DefaultSpriteMaterial.uasset" 102
"../../../Engine/Plugins/2D/Paper2D/Content/MaskedUnlitSpriteMaterial.uasset" 103
"../../../Engine/Plugins/2D/Paper2D/Content/OpaqueUnlitSpriteMaterial.uasset" 104
"../../../Engine/Plugins/2D/Paper2D/Content/DummySprite.uasset" 105
"../../../Engine/Plugins/2D/Paper2D/Content/DefaultPaperTerrainMaterial.uasset" 106
"../../../Engine/Content/EngineMaterials/RemoveSurfaceMaterial.uasset" 107
"../../../Engine/Content/EngineDebugMaterials/DebugMeshMaterial.uasset" 108
"../../../Engine/Content/EngineMaterials/InvalidLightmapSettings.uasset" 109
"../../../Engine/Content/EngineMaterials/M_InvalidLightmapSettings.uasset" 110
"../../../Engine/Content/EditorMaterials/GizmoMaterial.uasset" 111
"../../../Engine/Content/EngineMaterials/PhAT_JointLimitMaterial.uasset" 112
"../../../Engine/Content/EngineMaterials/Good64x64TilingNoiseHighFreq.uasset" 113
"../../../Engine/Content/EngineMaterials/DefaultBokeh.uasset" 114
"../../../Engine/Content/EngineMaterials/PreintegratedSkinBRDF.uasset" 115
"../../../Engine/Content/EngineMaterials/MiniFont.uasset" 116
"../../../Engine/Content/EngineMaterials/WeightMapPlaceholderTexture.uasset" 117
"../../../Engine/Content/EngineMaterials/DefaultWhiteGrid.uasset" 118
"../../../Engine/Content/EngineMaterials/DefaultPhysicalMaterial.uasset" 119
"../../../Engine/Content/EngineFonts/RobotoTiny.uasset" 120
"../../../Engine/Content/EditorSounds/Notifications/CompileSuccess.uasset" 121
"../../../Engine/Content/EditorSounds/Notifications/CompileStart_Cue.uasset" 122
"../../../Engine/Content/EditorSounds/Notifications/CompileSuccess_Cue.uasset" 123
"../../../Engine/Content/EditorSounds/Notifications/CompileFailed.uasset" 124
"../../../Engine/Content/EditorSounds/Notifications/CompileFailed_Cue.uasset" 125
"../../../Engine/Content/EngineMaterials/WorldGridMaterial.uasset" 126
"../../../Engine/Content/BasicShapes/Cube.uasset" 127
"../../../Engine/Content/BasicShapes/Sphere.uasset" 128
"../../../Engine/Content/BasicShapes/Cylinder.uasset" 129
"../../../Engine/Content/BasicShapes/Cone.uasset" 130
"../../../Engine/Content/EditorResources/BSPVertex.uasset" 131
"../../../Engine/Content/EngineDebugMaterials/GeomMaterial.uasset" 132
"../../../Engine/Content/EngineDebugMaterials/HeatmapGradient.uasset" 133
"../../../Engine/Content/EngineDebugMaterials/BoneWeightMaterial.uasset" 134
"../../../Engine/Content/EditorMaterials/PreviewShadowIndicator.uasset" 135
"../../../Engine/Content/EditorMaterials/PreviewShadowIndicatorMaterial.uasset" 136
"../../../Engine/Content/EngineMaterials/EditorBrushMaterial.uasset" 137
"../../../Engine/Content/EditorMeshes/ColorCalibrator/M_ChromeBall.uasset" 138
"../../../Engine/Content/EditorMeshes/ColorCalibrator/M_ClearCoat.uasset" 139
"../../../Engine/Content/EditorMeshes/ColorCalibrator/M_ClearCoatBlack.uasset" 140
"../../../Engine/Content/EditorMeshes/ColorCalibrator/T_ColorGrid.uasset" 141
"../../../Engine/Content/EditorMeshes/ColorCalibrator/M_ColorGrid.uasset" 142
"../../../Engine/Content/EditorMeshes/ColorCalibrator/M_GreyBall.uasset" 143
"../../../Engine/Content/EditorMeshes/ColorCalibrator/SM_ColorCalibrator.uasset" 144
"../../../Engine/Content/MobileResources/HUD/VirtualJoystick_Background.uasset" 145
"../../../Engine/Content/MobileResources/HUD/VirtualJoystick_Thumb.uasset" 146
"../../../Engine/Content/MobileResources/HUD/DefaultVirtualJoysticks.uasset" 147
"../../../Engine/Content/Tutorial/BlueprintTutorials/TutorialAssets/Blueprint_64x.uasset" 148
"../../../Engine/Content/Tutorial/SubEditors/TutorialAssets/icon_Editor_Preferences_General_40x.uasset" 149
"../../../Engine/Content/Tutorial/Paper2D/TutorialAssets/Paper2DSprite_TutorialIcon.uasset" 150
"../../../Engine/Content/Tutorial/SubEditors/TutorialAssets/icon_ShowSkeletalMeshes_40x.uasset" 151
"../../../Engine/Content/Tutorial/Landscape/TutorialAssets/Landscape.uasset" 152
"../../../Engine/Content/Tutorial/Foliage/TutorialAssets/Foliage.uasset" 153
"../../../Engine/Content/Tutorial/Basics/TutorialAssets/icon_tab_Levels_40x.uasset" 154
"../../../Engine/Content/Tutorial/BlueprintTutorials/TutorialAssets/BlueprintMacroLibrary_64x.uasset" 155
"../../../Engine/Content/Tutorial/BlueprintTutorials/TutorialAssets/BlueprintInterface_64x.uasset" 156
"../../../Engine/Content/Tutorial/Paper2D/TutorialAssets/Paper2DFlipbook_TutorialIcon.uasset" 157
"../../../Engine/Content/MobileResources/HUD/T_Castle_ThumbstickInner.uasset" 158
"../../../Engine/Content/MobileResources/HUD/MobileHUDDirectionPad3.uasset" 159
"../../../Engine/Content/MobileResources/HUD/MobileHUDDirectionPad2.uasset" 160
"../../../Engine/Content/MobileResources/HUD/MobileHUDDirectionPad.uasset" 161
"../../../Engine/Content/MobileResources/HUD/MobileHUDButtonFire.uasset" 162
"../../../Engine/Content/MobileResources/HUD/MobileHUDButton3.uasset" 163
"../../../Engine/Content/MobileResources/HUD/MobileHUDButton2_on.uasset" 164
"../../../Engine/Content/MobileResources/HUD/MobileHUDButton2_off.uasset" 165
"../../../Engine/Content/MobileResources/HUD/MobileHUDButton1_on.uasset" 166
"../../../Engine/Content/MobileResources/HUD/MobileHUDButton1_off.uasset" 167
"../../../Engine/Content/MobileResources/HUD/LeftVirtualJoystickOnly.uasset" 168
"../../../Engine/Content/EngineMeshes/Cube.uasset" 169
"../../../Engine/Content/Tutorial/BlueprintTutorials/TutorialAssets/Tutorial_BP_Interface.uasset" 170
"../../../Engine/Content/EditorMeshes/EditorCube.uasset" 171
"../../../Engine/Content/Tutorial/SubEditors/TutorialAssets/Tutorial_DM.uasset" 172
"../../../Engine/Content/Tutorial/SubEditors/TutorialAssets/TutorialMaterial.uasset" 173
"../../../Engine/Content/Tutorial/SubEditors/TutorialAssets/T_SmokeSubUV_8X8.uasset" 174
"../../../Engine/Content/Tutorial/SubEditors/TutorialAssets/T_soft_smoke.uasset" 175
"../../../Engine/Content/Tutorial/SubEditors/TutorialAssets/M_smoke_subUV_blackbody.uasset" 176
"../../../Engine/Content/Tutorial/SubEditors/TutorialAssets/TutorialParticleSystem.uasset" 177
"../../../Engine/Content/MobileResources/HUD/AnalogHat.uasset" 178
"../../../Engine/Content/MobileResources/T_MobileMenu2.uasset" 179
"../../../Engine/Content/MobileResources/T_MobileControls_texture.uasset" 180
"../../../Character_starter/Content/UI/MainMenu/ErrorDialog.uasset" 181
"../../../Character_starter/Content/UI/Lobby/LobbyMenu.uasset" 182
"../../../Character_starter/Content/UI/Lobby/ConnectedPlayer.uasset" 183
"../../../Character_starter/Content/UI/AllLevels/ChantWindow.uasset" 184
"../../../Character_starter/Content/UI/AllLevels/ChantText.uasset" 185
"../../../Character_starter/Content/UI/AllLevels/ChantGameplay.uasset" 186
"../../../Engine/Content/EditorResources/EmptyActor.uasset" 187
"../../../Character_starter/Content/Textures/Thum/Arena_01.uasset" 188
"../../../Character_starter/Content/Blueprints/Lobby/LobbyPC.uasset" 189
"../../../Character_starter/Content/Mesh/UE4_Mannequin_Skeleton.uasset" 190
"../../../Character_starter/Content/Animation/AnimationSequence/Idle_Rifle_Hip.uasset" 191
"../../../Character_starter/Content/Animation/AnimationSequence/Aim_C_Center_Hip.uasset" 192
"../../../Character_starter/Content/Animation/AnimationSequence/Aim_C_Down_Hip.uasset" 193
"../../../Character_starter/Content/Animation/AnimationSequence/Aim_C_Up_Hip.uasset" 194
"../../../Character_starter/Content/Animation/AnimationSequence/Aim_L_Center_Hip.uasset" 195
"../../../Character_starter/Content/Animation/AnimationSequence/Aim_L_Down_Hip.uasset" 196
"../../../Character_starter/Content/Animation/AnimationSequence/Aim_L_Up_Hip.uasset" 197
"../../../Character_starter/Content/Animation/AnimationSequence/Aim_R_Center_Hip.uasset" 198
"../../../Character_starter/Content/Animation/AnimationSequence/Aim_R_Down_Hip.uasset" 199
"../../../Character_starter/Content/Animation/AnimationSequence/Aim_R_Up_Hip.uasset" 200
"../../../Character_starter/Content/Animation/AimOffset/AimOffset_Hip.uasset" 201
"../../../Character_starter/Content/Animation/AnimationSequence/Idle_Rifle_Ironsights.uasset" 202
"../../../Character_starter/Content/Animation/AnimationSequence/Aim_C_Center_Ironsights.uasset" 203
"../../../Character_starter/Content/Animation/AnimationSequence/Aim_C_Down_Ironsights.uasset" 204
"../../../Character_starter/Content/Animation/AnimationSequence/Aim_C_Up_Ironsights.uasset" 205
"../../../Character_starter/Content/Animation/AnimationSequence/Aim_L_Center_Ironsights.uasset" 206
"../../../Character_starter/Content/Animation/AnimationSequence/Aim_L_Down_Ironsights.uasset" 207
"../../../Character_starter/Content/Animation/AnimationSequence/Aim_L_Up_Ironsights.uasset" 208
"../../../Character_starter/Content/Animation/AnimationSequence/Aim_R_Center_Ironsights.uasset" 209
"../../../Character_starter/Content/Animation/AnimationSequence/Aim_R_Down_Ironsights.uasset" 210
"../../../Character_starter/Content/Animation/AnimationSequence/Aim_R_Up_Ironsights.uasset" 211
"../../../Character_starter/Content/Animation/AimOffset/StarterCharAimOffset.uasset" 212
"../../../Character_starter/Content/Animation/AnimationSequence/Crouch_Idle_Rifle_Hip.uasset" 213
"../../../Character_starter/Content/Animation/AnimationSequence/Crouch_Idle_Rifle_Ironsights.uasset" 214
"../../../Character_starter/Content/Animation/AnimationSequence/Jump_From_Jog.uasset" 215
"../../../Character_starter/Content/Animation/AnimationSequence/Jump_From_Stand.uasset" 216
"../../../Character_starter/Content/Animation/AnimationSequence/Jump_From_Stand_Ironsights.uasset" 217
"../../../Character_starter/Content/Animation/AnimationSequence/Prone_Idle.uasset" 218
"../../../Character_starter/Content/Animation/AnimationSequence/Prone_To_Stand.uasset" 219
"../../../Character_starter/Content/Animation/AnimationSequence/Sprint_Fwd_Rifle.uasset" 220
"../../../Character_starter/Content/Animation/AnimationSequence/Stand_To_Prone.uasset" 221
"../../../Character_starter/Content/Animation/AnimationSequence/Crouch_Walk_Bwd_Rifle_Ironsights.uasset" 222
"../../../Character_starter/Content/Animation/AnimationSequence/Crouch_Walk_Fwd_Rifle_Ironsights.uasset" 223
"../../../Character_starter/Content/Animation/AnimationSequence/Crouch_Walk_Lt_Rifle_Ironsights.uasset" 224
"../../../Character_starter/Content/Animation/AnimationSequence/Crouch_Walk_Rt_Rifle_Ironsights.uasset" 225
"../../../Character_starter/Content/Animation/BlendSpace/Crouch_Aming_BS.uasset" 226
"../../../Character_starter/Content/Animation/AnimationSequence/Crouch_Walk_Bwd_Rifle_Hip.uasset" 227
"../../../Character_starter/Content/Animation/AnimationSequence/Crouch_Walk_Fwd_Rifle_Hip.uasset" 228
"../../../Character_starter/Content/Animation/AnimationSequence/Crouch_Walk_Lt_Rifle_Hip.uasset" 229
"../../../Character_starter/Content/Animation/AnimationSequence/Crouch_Walk_Rt_Rifle_Hip.uasset" 230
"../../../Character_starter/Content/Animation/BlendSpace/Crouch_BS.uasset" 231
"../../../Character_starter/Content/Animation/AnimationSequence/Walk_Bwd_Rifle_Ironsights.uasset" 232
"../../../Character_starter/Content/Animation/AnimationSequence/Walk_Fwd_Rifle_Ironsights.uasset" 233
"../../../Character_starter/Content/Animation/AnimationSequence/Walk_Lt_Rifle_Ironsights.uasset" 234
"../../../Character_starter/Content/Animation/AnimationSequence/Walk_Rt_Rifle_Ironsights.uasset" 235
"../../../Character_starter/Content/Animation/BlendSpace/Walk_Aming_BS.uasset" 236
"../../../Character_starter/Content/Animation/AnimationSequence/Jog_Bwd_Rifle.uasset" 237
"../../../Character_starter/Content/Animation/AnimationSequence/Jog_Fwd_Rifle.uasset" 238
"../../../Character_starter/Content/Animation/AnimationSequence/Jog_Lt_Rifle.uasset" 239
"../../../Character_starter/Content/Animation/AnimationSequence/Jog_Rt_Rifle.uasset" 240
"../../../Character_starter/Content/Animation/BlendSpace/Walk_BS.uasset" 241
"../../../Character_starter/Content/Animation/StartCharAnimBP.uasset" 242
"../../../Engine/Content/EditorBlueprintResources/StandardMacros.uasset" 243
"../../../Engine/Content/Functions/Engine_MaterialFunctions02/Utility/BlendAngleCorrectedNormals.uasset" 244
"../../../Engine/Content/Functions/MaterialLayerFunctions/MatLayerBlend_AO.uasset" 245
"../../../Engine/Content/Functions/MaterialLayerFunctions/MatLayerBlend_NormalBlend.uasset" 246
"../../../Engine/Content/Functions/MaterialLayerFunctions/MatLayerBlend_Simple.uasset" 247
"../../../Character_starter/Content/Materials/MaterialLayers/T_ML_Rubber_Blue_01_D.uasset" 248
"../../../Character_starter/Content/Materials/MaterialLayers/T_ML_Rubber_Blue_01_N.uasset" 249
"../../../Character_starter/Content/Materials/MaterialLayers/ML_GlossyBlack_Latex_UE4.uasset" 250
"../../../Character_starter/Content/Materials/MaterialLayers/ML_Plastic_Shiny_Beige.uasset" 251
"../../../Character_starter/Content/Textures/UE4_LOGO_CARD.uasset" 252
"../../../Character_starter/Content/Materials/MaterialLayers/ML_Plastic_Shiny_Beige_LOGO.uasset" 253
"../../../Character_starter/Content/Materials/MaterialLayers/T_ML_Aluminum01.uasset" 254
"../../../Character_starter/Content/Materials/MaterialLayers/T_ML_Aluminum01_N.uasset" 255
"../../../Character_starter/Content/Materials/MaterialLayers/ML_SoftMetal_UE4.uasset" 256
"../../../Character_starter/Content/Textures/UE4_Mannequin__normals.uasset" 257
"../../../Character_starter/Content/Textures/UE4_Mannequin_MAT_MASKA.uasset" 258
"../../../Character_starter/Content/Textures/UE4_Mannequin_occlusion_Mobile.uasset" 259
"../../../Character_starter/Content/Materials/M_UE4Man_Body.uasset" 260
"../../../Character_starter/Content/Textures/UE4Man_Logo_N.uasset" 261
"../../../Character_starter/Content/Materials/M_UE4Man_ChestLogo.uasset" 262
"../../../Character_starter/Content/Mesh/SK_Mannequin_PhysicsAsset.uasset" 263
"../../../Character_starter/Content/Mesh/SK_Mannequin.uasset" 264
"../../../Character_starter/Content/Blueprints/Character/StartCharBP.uasset" 265
"../../../Character_starter/Content/Blueprints/GamePlay/GamePlayPC.uasset" 266
"../../../Character_starter/Content/Blueprints/Lobby/LobbyGM.uasset" 267
"../../../Character_starter/Content/Animation/AnimationSequence/Reload_Rifle_Hip.uasset" 268
"../../../Character_starter/Content/Animation/AnimationSequence/Idle_Rifle_Hip_Break2.uasset" 269
"../../../Character_starter/Content/Animation/AnimationSequence/Idle_Rifle_Hip_Break1.uasset" 270
"../../../Character_starter/Content/Animation/AnimationSequence/Hit_React_3.uasset" 271
"../../../Character_starter/Content/Animation/AnimationSequence/Hit_React_2.uasset" 272
"../../../Character_starter/Content/Animation/AnimationSequence/Hit_React_1.uasset" 273
"../../../Character_starter/Content/Animation/AnimationSequence/Fire_Rifle_Ironsights.uasset" 274
"../../../Character_starter/Content/Animation/AnimationSequence/Equip_Pistol_Standing.uasset" 275
"../../../Character_starter/Content/Animation/BlendSpace/Jog_BS.uasset" 276
"../../../Character_starter/Content/Animation/AnimationSequence/Stand_to_Crouch_Rifle_Ironsights.uasset" 277
"../../../Character_starter/Content/Animation/AnimationSequence/Stand_to_Crouch_Rifle_Hip.uasset" 278
"../../../Character_starter/Content/Animation/AnimationSequence/Reload_Shotgun_Ironsights.uasset" 279
"../../../Character_starter/Content/Animation/AnimationSequence/Reload_Shotgun_Hip.uasset" 280
"../../../Character_starter/Content/Animation/AnimationSequence/Reload_Rifle_Ironsights.uasset" 281
"../../../Character_starter/Content/Animation/AnimationSequence/Reload_Pistol.uasset" 282
"../../../Character_starter/Content/Animation/AnimationSequence/Prone_Reload_Shotgun.uasset" 283
"../../../Character_starter/Content/Animation/AnimationSequence/Prone_Reload_Rifle.uasset" 284
"../../../Character_starter/Content/Animation/AnimationSequence/Prone_Fire_2.uasset" 285
"../../../Character_starter/Content/Animation/AnimationSequence/Prone_Fire_1.uasset" 286
"../../../Character_starter/Content/Animation/AnimationSequence/Prone_Death_2.uasset" 287
"../../../Character_starter/Content/Animation/AnimationSequence/Prone_Death_1.uasset" 288
"../../../Character_starter/Content/Animation/AnimationSequence/Idle_Pistol.uasset" 289
"../../../Character_starter/Content/Animation/AnimationSequence/Hit_React_4.uasset" 290
"../../../Character_starter/Content/Animation/AnimationSequence/Fire_Shotgun_Ironsights.uasset" 291
"../../../Character_starter/Content/Animation/AnimationSequence/Fire_Shotgun_Hip.uasset" 292
"../../../Character_starter/Content/Animation/AnimationSequence/Fire_Rifle_Hip.uasset" 293
"../../../Character_starter/Content/Animation/AnimationSequence/Equip_Rifle_Standing.uasset" 294
"../../../Character_starter/Content/Animation/AnimationSequence/Death_Ironsights_2.uasset" 295
"../../../Character_starter/Content/Animation/AnimationSequence/Death_Ironsights_1.uasset" 296
"../../../Character_starter/Content/Animation/AnimationSequence/Death_3.uasset" 297
"../../../Character_starter/Content/Animation/AnimationSequence/Death_2.uasset" 298
"../../../Character_starter/Content/Animation/AnimationSequence/Death_1.uasset" 299
"../../../Character_starter/Content/Animation/AnimationSequence/Crouch_to_Stand_Rifle_Ironsights.uasset" 300
"../../../Character_starter/Content/Animation/AnimationSequence/Crouch_to_Stand_Rifle_Hip.uasset" 301
"../../../Character_starter/Content/Animation/AnimationSequence/Aim_Space_Ironsights.uasset" 302
"../../../Character_starter/Content/Animation/AnimationSequence/Aim_Space_Hip.uasset" 303
"../../../Engine/Content/MobileResources/HUD/MobileHUDDirectionStick.uasset" 304
"../../../Engine/Content/MobileResources/HUD/T_Castle_ThumbstickOutter.uasset" 305
"../../../Character_starter/Content/UI/Lobby/GameSetting.uasset" 306
"../../../Character_starter/Content/UI/Lobby/PlayerButton.uasset" 307
"../../../Character_starter/Content/Maps/TravelMap.umap" 308
"../../../Engine/Content/EngineSky/C_Sky_Cloud_Color.uasset" 309
"../../../Engine/Content/EngineSky/C_Sky_Horizon_Color.uasset" 310
"../../../Engine/Content/EngineSky/C_Sky_Zenith_Color.uasset" 311
"../../../Engine/Content/EngineSky/T_Sky_Blue.uasset" 312
"../../../Engine/Content/EngineSky/T_Sky_Clouds_M.uasset" 313
"../../../Engine/Content/EngineSky/T_Sky_Stars.uasset" 314
"../../../Engine/Content/EngineSky/M_Sky_Panning_Clouds2.uasset" 315
"../../../Engine/Content/EngineSky/SM_SkySphere.uasset" 316
"../../../Engine/Content/EngineSky/BP_Sky_Sphere.uasset" 317
"../../../Character_starter/Content/Blueprints/GamePlay/GamePlayGM.uasset" 318
"../../../Engine/Content/Functions/Engine_MaterialFunctions01/Gradient/LinearGradient.uasset" 319
"../../../Engine/Content/Functions/Engine_MaterialFunctions02/Gradients/SmoothCurve.uasset" 320
"../../../Character_starter/Content/Materials/Wall_01.uasset" 321
"../../../Engine/Content/MapTemplates/SM_Template_Map_Floor.uasset" 322
"../../../Character_starter/Content/Maps/Arena_01.umap" 323
"../../../Character_starter/Content/Maps/LobbyMap.umap" 324
"../../../Character_starter/Content/Ui/AllLevels/LoadingScreen.uasset" 325
"../../../Character_starter/Content/Ui/MainMenu/HostMenu.uasset" 326
"../../../Character_starter/Content/Ui/MainMenu/MainMenu.uasset" 327
"../../../Character_starter/Content/Blueprints/AllLevels/PlayerInfo.uasset" 328
"../../../Character_starter/Content/Blueprints/AllLevels/PlayerSaveGame.uasset" 329
"../../../Character_starter/Content/Ui/MainMenu/OptionsMenu.uasset" 330
"../../../Character_starter/Content/Ui/MainMenu/ServerMenu.uasset" 331
"../../../Character_starter/Content/Blueprints/AllLevels/GameInfoInstans.uasset" 332
"../../../Character_starter/Content/Maps/MainMenu.umap" 333
